Build started 1/28/2021 1:29:06 PM.
     1>Project "\\home.clemson.edu\lawler6\Documents\Clemson class files\ECE 6680 - embedded\lab1\lab1\lab1.vcxproj" on node 2 (build target(s)).
     1>InitializeBuildStatus:
         Creating "Debug\lab1.unsuccessfulbuild" because "AlwaysCreate" was specified.
       ClCompile:
         All outputs are up-to-date.
       ManifestResourceCompile:
         C:\Program Files (x86)\Microsoft SDKs\Windows\v7.0A\bin\rc.exe /nologo /fo"Debug\lab1.exe.embed.manifest.res" Debug\lab1_manifest.rc 
       Link:
         c:\Program Files (x86)\Microsoft Visual Studio 10.0\VC\bin\link.exe /ERRORREPORT:PROMPT /OUT:"\\home.clemson.edu\lawler6\Documents\Clemson class files\ECE 6680 - embedded\lab1\lab1\Debug\lab1.exe" /INCREMENTAL /NOLOGO kernel32.lib user32.lib gdi32.lib winspool.lib comdlg32.lib advapi32.lib shell32.lib ole32.lib oleaut32.lib uuid.lib odbc32.lib odbccp32.lib /MANIFEST /ManifestFile:"Debug\lab1.exe.intermediate.manifest" /MANIFESTUAC:"level='asInvoker' uiAccess='false'" /DEBUG /PDB:"\\home.clemson.edu\lawler6\Documents\Clemson class files\ECE 6680 - embedded\lab1\lab1\Debug\lab1.pdb" /SUBSYSTEM:WINDOWS /TLBID:1 /DYNAMICBASE /NXCOMPAT /IMPLIB:"\\home.clemson.edu\lawler6\Documents\Clemson class files\ECE 6680 - embedded\lab1\lab1\Debug\lab1.lib" /MACHINE:X86 Debug\lab1.exe.embed.manifest.res
         Debug\source.obj
       Manifest:
         C:\Program Files (x86)\Microsoft SDKs\Windows\v7.0A\bin\mt.exe /nologo /verbose /out:"Debug\lab1.exe.embed.manifest" /manifest Debug\lab1.exe.intermediate.manifest
         C:\Program Files (x86)\Microsoft SDKs\Windows\v7.0A\bin\rc.exe /nologo /fo"Debug\lab1.exe.embed.manifest.res" Debug\lab1_manifest.rc 
       LinkEmbedManifest:
         c:\Program Files (x86)\Microsoft Visual Studio 10.0\VC\bin\link.exe /ERRORREPORT:PROMPT /OUT:"\\home.clemson.edu\lawler6\Documents\Clemson class files\ECE 6680 - embedded\lab1\lab1\Debug\lab1.exe" /INCREMENTAL /NOLOGO kernel32.lib user32.lib gdi32.lib winspool.lib comdlg32.lib advapi32.lib shell32.lib ole32.lib oleaut32.lib uuid.lib odbc32.lib odbccp32.lib /MANIFEST /ManifestFile:"Debug\lab1.exe.intermediate.manifest" /MANIFESTUAC:"level='asInvoker' uiAccess='false'" /DEBUG /PDB:"\\home.clemson.edu\lawler6\Documents\Clemson class files\ECE 6680 - embedded\lab1\lab1\Debug\lab1.pdb" /SUBSYSTEM:WINDOWS /TLBID:1 /DYNAMICBASE /NXCOMPAT /IMPLIB:"\\home.clemson.edu\lawler6\Documents\Clemson class files\ECE 6680 - embedded\lab1\lab1\Debug\lab1.lib" /MACHINE:X86 Debug\lab1.exe.embed.manifest.res
         Debug\source.obj
         lab1.vcxproj -> \\home.clemson.edu\lawler6\Documents\Clemson class files\ECE 6680 - embedded\lab1\lab1\Debug\lab1.exe
       FinalizeBuildStatus:
         Deleting file "Debug\lab1.unsuccessfulbuild".
         Touching "Debug\lab1.lastbuildstate".
     1>Done Building Project "\\home.clemson.edu\lawler6\Documents\Clemson class files\ECE 6680 - embedded\lab1\lab1\lab1.vcxproj" (build target(s)).

Build succeeded.

Time Elapsed 00:00:02.55
