U:\Documents\Clemson class files\ECE 6680 - embedded\lab1\lab1\Debug\cl.command.1.tlog
U:\Documents\Clemson class files\ECE 6680 - embedded\lab1\lab1\Debug\CL.read.1.tlog
U:\Documents\Clemson class files\ECE 6680 - embedded\lab1\lab1\Debug\CL.write.1.tlog
U:\DOCUMENTS\CLEMSON CLASS FILES\ECE 6680 - EMBEDDED\LAB1\LAB1\DEBUG\LAB1.EXE
U:\DOCUMENTS\CLEMSON CLASS FILES\ECE 6680 - EMBEDDED\LAB1\LAB1\DEBUG\LAB1.EXE.EMBED.MANIFEST
U:\DOCUMENTS\CLEMSON CLASS FILES\ECE 6680 - EMBEDDED\LAB1\LAB1\DEBUG\LAB1.EXE.EMBED.MANIFEST.RES
U:\DOCUMENTS\CLEMSON CLASS FILES\ECE 6680 - EMBEDDED\LAB1\LAB1\DEBUG\LAB1.EXE.INTERMEDIATE.MANIFEST
U:\DOCUMENTS\CLEMSON CLASS FILES\ECE 6680 - EMBEDDED\LAB1\LAB1\DEBUG\LAB1.ILK
U:\DOCUMENTS\CLEMSON CLASS FILES\ECE 6680 - EMBEDDED\LAB1\LAB1\DEBUG\LAB1.PDB
U:\Documents\Clemson class files\ECE 6680 - embedded\lab1\lab1\Debug\lab1.write.1.tlog
U:\Documents\Clemson class files\ECE 6680 - embedded\lab1\lab1\Debug\lab1_manifest.rc
U:\Documents\Clemson class files\ECE 6680 - embedded\lab1\lab1\Debug\link.4508.read.1.tlog
U:\Documents\Clemson class files\ECE 6680 - embedded\lab1\lab1\Debug\link.4508.write.1.tlog
U:\Documents\Clemson class files\ECE 6680 - embedded\lab1\lab1\Debug\link.4508-cvtres.read.1.tlog
U:\Documents\Clemson class files\ECE 6680 - embedded\lab1\lab1\Debug\link.4508-cvtres.write.1.tlog
U:\Documents\Clemson class files\ECE 6680 - embedded\lab1\lab1\Debug\link.command.1.tlog
U:\Documents\Clemson class files\ECE 6680 - embedded\lab1\lab1\Debug\link.read.1.tlog
U:\Documents\Clemson class files\ECE 6680 - embedded\lab1\lab1\Debug\link.write.1.tlog
U:\Documents\Clemson class files\ECE 6680 - embedded\lab1\lab1\Debug\link-cvtres.read.1.tlog
U:\Documents\Clemson class files\ECE 6680 - embedded\lab1\lab1\Debug\link-cvtres.write.1.tlog
U:\Documents\Clemson class files\ECE 6680 - embedded\lab1\lab1\Debug\mt.command.1.tlog
U:\Documents\Clemson class files\ECE 6680 - embedded\lab1\lab1\Debug\mt.read.1.tlog
U:\Documents\Clemson class files\ECE 6680 - embedded\lab1\lab1\Debug\mt.write.1.tlog
U:\Documents\Clemson class files\ECE 6680 - embedded\lab1\lab1\Debug\rc.command.1.tlog
U:\Documents\Clemson class files\ECE 6680 - embedded\lab1\lab1\Debug\rc.read.1.tlog
U:\Documents\Clemson class files\ECE 6680 - embedded\lab1\lab1\Debug\rc.write.1.tlog
U:\DOCUMENTS\CLEMSON CLASS FILES\ECE 6680 - EMBEDDED\LAB1\LAB1\DEBUG\SOURCE.OBJ
U:\Documents\Clemson class files\ECE 6680 - embedded\lab1\lab1\Debug\vc100.idb
U:\DOCUMENTS\CLEMSON CLASS FILES\ECE 6680 - EMBEDDED\LAB1\LAB1\DEBUG\VC100.PDB
